 
 
【日志时间】：2023-06-04 14:28:45,820 【线程ID】：.NET ThreadPool Worker 
【日志级别】：WARN  
【日志对象】：Microsoft.EntityFrameworkCore.Database.Transaction 
【日志内容】：Savepoints are disabled because Multiple Active Result Sets (MARS) is enabled. If 'SaveChanges' fails, then the transaction cannot be automatically rolled back to a known clean state. Instead, the transaction should be rolled back by the application before retrying 'SaveChanges'. See https://go.microsoft.com/fwlink/?linkid=2149338 for more information. To identify the code which triggers this warning, call 'ConfigureWarnings(w => w.Throw(SqlServerEventId.SavepointsDisabledBecauseOfMARS))'. 
  
 
【日志时间】：2023-06-04 14:29:49,505 【线程ID】：.NET ThreadPool Worker 
【日志级别】：WARN  
【日志对象】：Microsoft.EntityFrameworkCore.Database.Transaction 
【日志内容】：Savepoints are disabled because Multiple Active Result Sets (MARS) is enabled. If 'SaveChanges' fails, then the transaction cannot be automatically rolled back to a known clean state. Instead, the transaction should be rolled back by the application before retrying 'SaveChanges'. See https://go.microsoft.com/fwlink/?linkid=2149338 for more information. To identify the code which triggers this warning, call 'ConfigureWarnings(w => w.Throw(SqlServerEventId.SavepointsDisabledBecauseOfMARS))'. 
  
 
【日志时间】：2023-06-04 15:26:25,202 【线程ID】：.NET ThreadPool Worker 
【日志级别】：WARN  
【日志对象】：Microsoft.EntityFrameworkCore.Database.Transaction 
【日志内容】：Savepoints are disabled because Multiple Active Result Sets (MARS) is enabled. If 'SaveChanges' fails, then the transaction cannot be automatically rolled back to a known clean state. Instead, the transaction should be rolled back by the application before retrying 'SaveChanges'. See https://go.microsoft.com/fwlink/?linkid=2149338 for more information. To identify the code which triggers this warning, call 'ConfigureWarnings(w => w.Throw(SqlServerEventId.SavepointsDisabledBecauseOfMARS))'. 
  
 
【日志时间】：2023-06-04 15:39:33,356 【线程ID】：.NET ThreadPool Worker 
【日志级别】：WARN  
【日志对象】：Microsoft.EntityFrameworkCore.Database.Transaction 
【日志内容】：Savepoints are disabled because Multiple Active Result Sets (MARS) is enabled. If 'SaveChanges' fails, then the transaction cannot be automatically rolled back to a known clean state. Instead, the transaction should be rolled back by the application before retrying 'SaveChanges'. See https://go.microsoft.com/fwlink/?linkid=2149338 for more information. To identify the code which triggers this warning, call 'ConfigureWarnings(w => w.Throw(SqlServerEventId.SavepointsDisabledBecauseOfMARS))'. 
  
 
【日志时间】：2023-06-04 15:41:00,838 【线程ID】：.NET ThreadPool Worker 
【日志级别】：WARN  
【日志对象】：Microsoft.EntityFrameworkCore.Database.Transaction 
【日志内容】：Savepoints are disabled because Multiple Active Result Sets (MARS) is enabled. If 'SaveChanges' fails, then the transaction cannot be automatically rolled back to a known clean state. Instead, the transaction should be rolled back by the application before retrying 'SaveChanges'. See https://go.microsoft.com/fwlink/?linkid=2149338 for more information. To identify the code which triggers this warning, call 'ConfigureWarnings(w => w.Throw(SqlServerEventId.SavepointsDisabledBecauseOfMARS))'. 
  
 
【日志时间】：2023-06-04 15:42:28,891 【线程ID】：.NET ThreadPool Worker 
【日志级别】：WARN  
【日志对象】：Microsoft.EntityFrameworkCore.Database.Transaction 
【日志内容】：Savepoints are disabled because Multiple Active Result Sets (MARS) is enabled. If 'SaveChanges' fails, then the transaction cannot be automatically rolled back to a known clean state. Instead, the transaction should be rolled back by the application before retrying 'SaveChanges'. See https://go.microsoft.com/fwlink/?linkid=2149338 for more information. To identify the code which triggers this warning, call 'ConfigureWarnings(w => w.Throw(SqlServerEventId.SavepointsDisabledBecauseOfMARS))'. 
  
 
【日志时间】：2023-06-04 15:42:49,686 【线程ID】：.NET ThreadPool Worker 
【日志级别】：WARN  
【日志对象】：Microsoft.EntityFrameworkCore.Database.Transaction 
【日志内容】：Savepoints are disabled because Multiple Active Result Sets (MARS) is enabled. If 'SaveChanges' fails, then the transaction cannot be automatically rolled back to a known clean state. Instead, the transaction should be rolled back by the application before retrying 'SaveChanges'. See https://go.microsoft.com/fwlink/?linkid=2149338 for more information. To identify the code which triggers this warning, call 'ConfigureWarnings(w => w.Throw(SqlServerEventId.SavepointsDisabledBecauseOfMARS))'. 
  
 
【日志时间】：2023-06-04 15:43:08,461 【线程ID】：.NET ThreadPool Worker 
【日志级别】：WARN  
【日志对象】：Microsoft.EntityFrameworkCore.Database.Transaction 
【日志内容】：Savepoints are disabled because Multiple Active Result Sets (MARS) is enabled. If 'SaveChanges' fails, then the transaction cannot be automatically rolled back to a known clean state. Instead, the transaction should be rolled back by the application before retrying 'SaveChanges'. See https://go.microsoft.com/fwlink/?linkid=2149338 for more information. To identify the code which triggers this warning, call 'ConfigureWarnings(w => w.Throw(SqlServerEventId.SavepointsDisabledBecauseOfMARS))'. 
  
 
【日志时间】：2023-06-04 15:48:06,169 【线程ID】：.NET ThreadPool Worker 
【日志级别】：WARN  
【日志对象】：Microsoft.EntityFrameworkCore.Database.Transaction 
【日志内容】：Savepoints are disabled because Multiple Active Result Sets (MARS) is enabled. If 'SaveChanges' fails, then the transaction cannot be automatically rolled back to a known clean state. Instead, the transaction should be rolled back by the application before retrying 'SaveChanges'. See https://go.microsoft.com/fwlink/?linkid=2149338 for more information. To identify the code which triggers this warning, call 'ConfigureWarnings(w => w.Throw(SqlServerEventId.SavepointsDisabledBecauseOfMARS))'. 
  
 
【日志时间】：2023-06-04 15:50:05,268 【线程ID】：.NET ThreadPool Worker 
【日志级别】：WARN  
【日志对象】：Microsoft.EntityFrameworkCore.Database.Transaction 
【日志内容】：Savepoints are disabled because Multiple Active Result Sets (MARS) is enabled. If 'SaveChanges' fails, then the transaction cannot be automatically rolled back to a known clean state. Instead, the transaction should be rolled back by the application before retrying 'SaveChanges'. See https://go.microsoft.com/fwlink/?linkid=2149338 for more information. To identify the code which triggers this warning, call 'ConfigureWarnings(w => w.Throw(SqlServerEventId.SavepointsDisabledBecauseOfMARS))'. 
  
 
【日志时间】：2023-06-04 15:50:23,796 【线程ID】：.NET ThreadPool Worker 
【日志级别】：WARN  
【日志对象】：Microsoft.EntityFrameworkCore.Database.Transaction 
【日志内容】：Savepoints are disabled because Multiple Active Result Sets (MARS) is enabled. If 'SaveChanges' fails, then the transaction cannot be automatically rolled back to a known clean state. Instead, the transaction should be rolled back by the application before retrying 'SaveChanges'. See https://go.microsoft.com/fwlink/?linkid=2149338 for more information. To identify the code which triggers this warning, call 'ConfigureWarnings(w => w.Throw(SqlServerEventId.SavepointsDisabledBecauseOfMARS))'. 
  
 
【日志时间】：2023-06-04 15:53:46,012 【线程ID】：.NET ThreadPool Worker 
【日志级别】：WARN  
【日志对象】：Microsoft.EntityFrameworkCore.Database.Transaction 
【日志内容】：Savepoints are disabled because Multiple Active Result Sets (MARS) is enabled. If 'SaveChanges' fails, then the transaction cannot be automatically rolled back to a known clean state. Instead, the transaction should be rolled back by the application before retrying 'SaveChanges'. See https://go.microsoft.com/fwlink/?linkid=2149338 for more information. To identify the code which triggers this warning, call 'ConfigureWarnings(w => w.Throw(SqlServerEventId.SavepointsDisabledBecauseOfMARS))'. 
  
 
【日志时间】：2023-06-04 15:53:58,024 【线程ID】：.NET ThreadPool Worker 
【日志级别】：WARN  
【日志对象】：Microsoft.EntityFrameworkCore.Database.Transaction 
【日志内容】：Savepoints are disabled because Multiple Active Result Sets (MARS) is enabled. If 'SaveChanges' fails, then the transaction cannot be automatically rolled back to a known clean state. Instead, the transaction should be rolled back by the application before retrying 'SaveChanges'. See https://go.microsoft.com/fwlink/?linkid=2149338 for more information. To identify the code which triggers this warning, call 'ConfigureWarnings(w => w.Throw(SqlServerEventId.SavepointsDisabledBecauseOfMARS))'. 
  
 
【日志时间】：2023-06-04 16:01:33,237 【线程ID】：.NET ThreadPool Worker 
【日志级别】：WARN  
【日志对象】：Microsoft.EntityFrameworkCore.Database.Transaction 
【日志内容】：Savepoints are disabled because Multiple Active Result Sets (MARS) is enabled. If 'SaveChanges' fails, then the transaction cannot be automatically rolled back to a known clean state. Instead, the transaction should be rolled back by the application before retrying 'SaveChanges'. See https://go.microsoft.com/fwlink/?linkid=2149338 for more information. To identify the code which triggers this warning, call 'ConfigureWarnings(w => w.Throw(SqlServerEventId.SavepointsDisabledBecauseOfMARS))'. 
  
 
【日志时间】：2023-06-04 16:01:43,498 【线程ID】：.NET ThreadPool Worker 
【日志级别】：WARN  
【日志对象】：Microsoft.EntityFrameworkCore.Database.Transaction 
【日志内容】：Savepoints are disabled because Multiple Active Result Sets (MARS) is enabled. If 'SaveChanges' fails, then the transaction cannot be automatically rolled back to a known clean state. Instead, the transaction should be rolled back by the application before retrying 'SaveChanges'. See https://go.microsoft.com/fwlink/?linkid=2149338 for more information. To identify the code which triggers this warning, call 'ConfigureWarnings(w => w.Throw(SqlServerEventId.SavepointsDisabledBecauseOfMARS))'. 
  
 
【日志时间】：2023-06-04 16:04:02,777 【线程ID】：.NET ThreadPool Worker 
【日志级别】：WARN  
【日志对象】：Microsoft.EntityFrameworkCore.Database.Transaction 
【日志内容】：Savepoints are disabled because Multiple Active Result Sets (MARS) is enabled. If 'SaveChanges' fails, then the transaction cannot be automatically rolled back to a known clean state. Instead, the transaction should be rolled back by the application before retrying 'SaveChanges'. See https://go.microsoft.com/fwlink/?linkid=2149338 for more information. To identify the code which triggers this warning, call 'ConfigureWarnings(w => w.Throw(SqlServerEventId.SavepointsDisabledBecauseOfMARS))'. 
  
 
【日志时间】：2023-06-04 16:05:06,478 【线程ID】：.NET ThreadPool Worker 
【日志级别】：WARN  
【日志对象】：Microsoft.EntityFrameworkCore.Database.Transaction 
【日志内容】：Savepoints are disabled because Multiple Active Result Sets (MARS) is enabled. If 'SaveChanges' fails, then the transaction cannot be automatically rolled back to a known clean state. Instead, the transaction should be rolled back by the application before retrying 'SaveChanges'. See https://go.microsoft.com/fwlink/?linkid=2149338 for more information. To identify the code which triggers this warning, call 'ConfigureWarnings(w => w.Throw(SqlServerEventId.SavepointsDisabledBecauseOfMARS))'. 
  
 
【日志时间】：2023-06-04 16:06:18,789 【线程ID】：.NET ThreadPool Worker 
【日志级别】：WARN  
【日志对象】：Microsoft.EntityFrameworkCore.Database.Transaction 
【日志内容】：Savepoints are disabled because Multiple Active Result Sets (MARS) is enabled. If 'SaveChanges' fails, then the transaction cannot be automatically rolled back to a known clean state. Instead, the transaction should be rolled back by the application before retrying 'SaveChanges'. See https://go.microsoft.com/fwlink/?linkid=2149338 for more information. To identify the code which triggers this warning, call 'ConfigureWarnings(w => w.Throw(SqlServerEventId.SavepointsDisabledBecauseOfMARS))'. 
  
 
【日志时间】：2023-06-04 16:06:19,257 【线程ID】：.NET ThreadPool Worker 
【日志级别】：WARN  
【日志对象】：Microsoft.EntityFrameworkCore.Database.Transaction 
【日志内容】：Savepoints are disabled because Multiple Active Result Sets (MARS) is enabled. If 'SaveChanges' fails, then the transaction cannot be automatically rolled back to a known clean state. Instead, the transaction should be rolled back by the application before retrying 'SaveChanges'. See https://go.microsoft.com/fwlink/?linkid=2149338 for more information. To identify the code which triggers this warning, call 'ConfigureWarnings(w => w.Throw(SqlServerEventId.SavepointsDisabledBecauseOfMARS))'. 
  
 
【日志时间】：2023-06-04 16:06:54,599 【线程ID】：.NET ThreadPool Worker 
【日志级别】：WARN  
【日志对象】：Microsoft.EntityFrameworkCore.Database.Transaction 
【日志内容】：Savepoints are disabled because Multiple Active Result Sets (MARS) is enabled. If 'SaveChanges' fails, then the transaction cannot be automatically rolled back to a known clean state. Instead, the transaction should be rolled back by the application before retrying 'SaveChanges'. See https://go.microsoft.com/fwlink/?linkid=2149338 for more information. To identify the code which triggers this warning, call 'ConfigureWarnings(w => w.Throw(SqlServerEventId.SavepointsDisabledBecauseOfMARS))'. 
  
 
【日志时间】：2023-06-04 16:07:34,514 【线程ID】：.NET ThreadPool Worker 
【日志级别】：WARN  
【日志对象】：Microsoft.EntityFrameworkCore.Database.Transaction 
【日志内容】：Savepoints are disabled because Multiple Active Result Sets (MARS) is enabled. If 'SaveChanges' fails, then the transaction cannot be automatically rolled back to a known clean state. Instead, the transaction should be rolled back by the application before retrying 'SaveChanges'. See https://go.microsoft.com/fwlink/?linkid=2149338 for more information. To identify the code which triggers this warning, call 'ConfigureWarnings(w => w.Throw(SqlServerEventId.SavepointsDisabledBecauseOfMARS))'. 
  
 
【日志时间】：2023-06-04 16:07:46,882 【线程ID】：.NET ThreadPool Worker 
【日志级别】：WARN  
【日志对象】：Microsoft.EntityFrameworkCore.Database.Transaction 
【日志内容】：Savepoints are disabled because Multiple Active Result Sets (MARS) is enabled. If 'SaveChanges' fails, then the transaction cannot be automatically rolled back to a known clean state. Instead, the transaction should be rolled back by the application before retrying 'SaveChanges'. See https://go.microsoft.com/fwlink/?linkid=2149338 for more information. To identify the code which triggers this warning, call 'ConfigureWarnings(w => w.Throw(SqlServerEventId.SavepointsDisabledBecauseOfMARS))'. 
  
 
【日志时间】：2023-06-04 16:08:02,702 【线程ID】：.NET ThreadPool Worker 
【日志级别】：WARN  
【日志对象】：Microsoft.EntityFrameworkCore.Database.Transaction 
【日志内容】：Savepoints are disabled because Multiple Active Result Sets (MARS) is enabled. If 'SaveChanges' fails, then the transaction cannot be automatically rolled back to a known clean state. Instead, the transaction should be rolled back by the application before retrying 'SaveChanges'. See https://go.microsoft.com/fwlink/?linkid=2149338 for more information. To identify the code which triggers this warning, call 'ConfigureWarnings(w => w.Throw(SqlServerEventId.SavepointsDisabledBecauseOfMARS))'. 
  
 
【日志时间】：2023-06-04 16:08:14,238 【线程ID】：.NET ThreadPool Worker 
【日志级别】：WARN  
【日志对象】：Microsoft.EntityFrameworkCore.Database.Transaction 
【日志内容】：Savepoints are disabled because Multiple Active Result Sets (MARS) is enabled. If 'SaveChanges' fails, then the transaction cannot be automatically rolled back to a known clean state. Instead, the transaction should be rolled back by the application before retrying 'SaveChanges'. See https://go.microsoft.com/fwlink/?linkid=2149338 for more information. To identify the code which triggers this warning, call 'ConfigureWarnings(w => w.Throw(SqlServerEventId.SavepointsDisabledBecauseOfMARS))'. 
  
 
【日志时间】：2023-06-04 16:08:53,140 【线程ID】：.NET ThreadPool Worker 
【日志级别】：WARN  
【日志对象】：Microsoft.EntityFrameworkCore.Database.Transaction 
【日志内容】：Savepoints are disabled because Multiple Active Result Sets (MARS) is enabled. If 'SaveChanges' fails, then the transaction cannot be automatically rolled back to a known clean state. Instead, the transaction should be rolled back by the application before retrying 'SaveChanges'. See https://go.microsoft.com/fwlink/?linkid=2149338 for more information. To identify the code which triggers this warning, call 'ConfigureWarnings(w => w.Throw(SqlServerEventId.SavepointsDisabledBecauseOfMARS))'. 
  
 
【日志时间】：2023-06-04 16:09:03,809 【线程ID】：.NET ThreadPool Worker 
【日志级别】：WARN  
【日志对象】：Microsoft.EntityFrameworkCore.Database.Transaction 
【日志内容】：Savepoints are disabled because Multiple Active Result Sets (MARS) is enabled. If 'SaveChanges' fails, then the transaction cannot be automatically rolled back to a known clean state. Instead, the transaction should be rolled back by the application before retrying 'SaveChanges'. See https://go.microsoft.com/fwlink/?linkid=2149338 for more information. To identify the code which triggers this warning, call 'ConfigureWarnings(w => w.Throw(SqlServerEventId.SavepointsDisabledBecauseOfMARS))'. 
  
 
【日志时间】：2023-06-04 16:11:25,398 【线程ID】：.NET ThreadPool Worker 
【日志级别】：WARN  
【日志对象】：Microsoft.EntityFrameworkCore.Database.Transaction 
【日志内容】：Savepoints are disabled because Multiple Active Result Sets (MARS) is enabled. If 'SaveChanges' fails, then the transaction cannot be automatically rolled back to a known clean state. Instead, the transaction should be rolled back by the application before retrying 'SaveChanges'. See https://go.microsoft.com/fwlink/?linkid=2149338 for more information. To identify the code which triggers this warning, call 'ConfigureWarnings(w => w.Throw(SqlServerEventId.SavepointsDisabledBecauseOfMARS))'. 
  
 
【日志时间】：2023-06-04 16:24:45,380 【线程ID】：.NET ThreadPool Worker 
【日志级别】：WARN  
【日志对象】：Microsoft.EntityFrameworkCore.Database.Transaction 
【日志内容】：Savepoints are disabled because Multiple Active Result Sets (MARS) is enabled. If 'SaveChanges' fails, then the transaction cannot be automatically rolled back to a known clean state. Instead, the transaction should be rolled back by the application before retrying 'SaveChanges'. See https://go.microsoft.com/fwlink/?linkid=2149338 for more information. To identify the code which triggers this warning, call 'ConfigureWarnings(w => w.Throw(SqlServerEventId.SavepointsDisabledBecauseOfMARS))'. 
  
 
【日志时间】：2023-06-04 16:29:25,443 【线程ID】：.NET ThreadPool Worker 
【日志级别】：WARN  
【日志对象】：Microsoft.EntityFrameworkCore.Database.Transaction 
【日志内容】：Savepoints are disabled because Multiple Active Result Sets (MARS) is enabled. If 'SaveChanges' fails, then the transaction cannot be automatically rolled back to a known clean state. Instead, the transaction should be rolled back by the application before retrying 'SaveChanges'. See https://go.microsoft.com/fwlink/?linkid=2149338 for more information. To identify the code which triggers this warning, call 'ConfigureWarnings(w => w.Throw(SqlServerEventId.SavepointsDisabledBecauseOfMARS))'. 
  
 
【日志时间】：2023-06-04 16:30:42,826 【线程ID】：.NET ThreadPool Worker 
【日志级别】：WARN  
【日志对象】：Microsoft.EntityFrameworkCore.Database.Transaction 
【日志内容】：Savepoints are disabled because Multiple Active Result Sets (MARS) is enabled. If 'SaveChanges' fails, then the transaction cannot be automatically rolled back to a known clean state. Instead, the transaction should be rolled back by the application before retrying 'SaveChanges'. See https://go.microsoft.com/fwlink/?linkid=2149338 for more information. To identify the code which triggers this warning, call 'ConfigureWarnings(w => w.Throw(SqlServerEventId.SavepointsDisabledBecauseOfMARS))'. 
  
 
【日志时间】：2023-06-04 16:31:22,573 【线程ID】：.NET ThreadPool Worker 
【日志级别】：WARN  
【日志对象】：Microsoft.EntityFrameworkCore.Database.Transaction 
【日志内容】：Savepoints are disabled because Multiple Active Result Sets (MARS) is enabled. If 'SaveChanges' fails, then the transaction cannot be automatically rolled back to a known clean state. Instead, the transaction should be rolled back by the application before retrying 'SaveChanges'. See https://go.microsoft.com/fwlink/?linkid=2149338 for more information. To identify the code which triggers this warning, call 'ConfigureWarnings(w => w.Throw(SqlServerEventId.SavepointsDisabledBecauseOfMARS))'. 
  
 
【日志时间】：2023-06-04 16:31:57,525 【线程ID】：.NET ThreadPool Worker 
【日志级别】：WARN  
【日志对象】：Microsoft.EntityFrameworkCore.Database.Transaction 
【日志内容】：Savepoints are disabled because Multiple Active Result Sets (MARS) is enabled. If 'SaveChanges' fails, then the transaction cannot be automatically rolled back to a known clean state. Instead, the transaction should be rolled back by the application before retrying 'SaveChanges'. See https://go.microsoft.com/fwlink/?linkid=2149338 for more information. To identify the code which triggers this warning, call 'ConfigureWarnings(w => w.Throw(SqlServerEventId.SavepointsDisabledBecauseOfMARS))'. 
  
 
【日志时间】：2023-06-04 16:32:07,220 【线程ID】：.NET ThreadPool Worker 
【日志级别】：WARN  
【日志对象】：Microsoft.EntityFrameworkCore.Database.Transaction 
【日志内容】：Savepoints are disabled because Multiple Active Result Sets (MARS) is enabled. If 'SaveChanges' fails, then the transaction cannot be automatically rolled back to a known clean state. Instead, the transaction should be rolled back by the application before retrying 'SaveChanges'. See https://go.microsoft.com/fwlink/?linkid=2149338 for more information. To identify the code which triggers this warning, call 'ConfigureWarnings(w => w.Throw(SqlServerEventId.SavepointsDisabledBecauseOfMARS))'. 
  
 
【日志时间】：2023-06-04 16:32:57,938 【线程ID】：.NET ThreadPool Worker 
【日志级别】：WARN  
【日志对象】：Microsoft.EntityFrameworkCore.Database.Transaction 
【日志内容】：Savepoints are disabled because Multiple Active Result Sets (MARS) is enabled. If 'SaveChanges' fails, then the transaction cannot be automatically rolled back to a known clean state. Instead, the transaction should be rolled back by the application before retrying 'SaveChanges'. See https://go.microsoft.com/fwlink/?linkid=2149338 for more information. To identify the code which triggers this warning, call 'ConfigureWarnings(w => w.Throw(SqlServerEventId.SavepointsDisabledBecauseOfMARS))'. 
  
 
【日志时间】：2023-06-04 16:33:35,884 【线程ID】：.NET ThreadPool Worker 
【日志级别】：WARN  
【日志对象】：Microsoft.EntityFrameworkCore.Database.Transaction 
【日志内容】：Savepoints are disabled because Multiple Active Result Sets (MARS) is enabled. If 'SaveChanges' fails, then the transaction cannot be automatically rolled back to a known clean state. Instead, the transaction should be rolled back by the application before retrying 'SaveChanges'. See https://go.microsoft.com/fwlink/?linkid=2149338 for more information. To identify the code which triggers this warning, call 'ConfigureWarnings(w => w.Throw(SqlServerEventId.SavepointsDisabledBecauseOfMARS))'. 
  
 
【日志时间】：2023-06-04 16:34:20,177 【线程ID】：.NET ThreadPool Worker 
【日志级别】：WARN  
【日志对象】：Microsoft.EntityFrameworkCore.Database.Transaction 
【日志内容】：Savepoints are disabled because Multiple Active Result Sets (MARS) is enabled. If 'SaveChanges' fails, then the transaction cannot be automatically rolled back to a known clean state. Instead, the transaction should be rolled back by the application before retrying 'SaveChanges'. See https://go.microsoft.com/fwlink/?linkid=2149338 for more information. To identify the code which triggers this warning, call 'ConfigureWarnings(w => w.Throw(SqlServerEventId.SavepointsDisabledBecauseOfMARS))'. 
  
 
【日志时间】：2023-06-04 16:37:28,605 【线程ID】：.NET ThreadPool Worker 
【日志级别】：WARN  
【日志对象】：Microsoft.EntityFrameworkCore.Database.Transaction 
【日志内容】：Savepoints are disabled because Multiple Active Result Sets (MARS) is enabled. If 'SaveChanges' fails, then the transaction cannot be automatically rolled back to a known clean state. Instead, the transaction should be rolled back by the application before retrying 'SaveChanges'. See https://go.microsoft.com/fwlink/?linkid=2149338 for more information. To identify the code which triggers this warning, call 'ConfigureWarnings(w => w.Throw(SqlServerEventId.SavepointsDisabledBecauseOfMARS))'. 
  
 
【日志时间】：2023-06-04 16:37:28,738 【线程ID】：.NET ThreadPool Worker 
【日志级别】：WARN  
【日志对象】：Microsoft.EntityFrameworkCore.Database.Transaction 
【日志内容】：Savepoints are disabled because Multiple Active Result Sets (MARS) is enabled. If 'SaveChanges' fails, then the transaction cannot be automatically rolled back to a known clean state. Instead, the transaction should be rolled back by the application before retrying 'SaveChanges'. See https://go.microsoft.com/fwlink/?linkid=2149338 for more information. To identify the code which triggers this warning, call 'ConfigureWarnings(w => w.Throw(SqlServerEventId.SavepointsDisabledBecauseOfMARS))'. 
  
 
【日志时间】：2023-06-04 16:39:11,029 【线程ID】：.NET ThreadPool Worker 
【日志级别】：WARN  
【日志对象】：Microsoft.EntityFrameworkCore.Database.Transaction 
【日志内容】：Savepoints are disabled because Multiple Active Result Sets (MARS) is enabled. If 'SaveChanges' fails, then the transaction cannot be automatically rolled back to a known clean state. Instead, the transaction should be rolled back by the application before retrying 'SaveChanges'. See https://go.microsoft.com/fwlink/?linkid=2149338 for more information. To identify the code which triggers this warning, call 'ConfigureWarnings(w => w.Throw(SqlServerEventId.SavepointsDisabledBecauseOfMARS))'. 
  
 
【日志时间】：2023-06-04 16:39:11,072 【线程ID】：.NET ThreadPool Worker 
【日志级别】：WARN  
【日志对象】：Microsoft.EntityFrameworkCore.Database.Transaction 
【日志内容】：Savepoints are disabled because Multiple Active Result Sets (MARS) is enabled. If 'SaveChanges' fails, then the transaction cannot be automatically rolled back to a known clean state. Instead, the transaction should be rolled back by the application before retrying 'SaveChanges'. See https://go.microsoft.com/fwlink/?linkid=2149338 for more information. To identify the code which triggers this warning, call 'ConfigureWarnings(w => w.Throw(SqlServerEventId.SavepointsDisabledBecauseOfMARS))'. 
  
 
【日志时间】：2023-06-04 16:42:25,393 【线程ID】：.NET ThreadPool Worker 
【日志级别】：WARN  
【日志对象】：Microsoft.EntityFrameworkCore.Database.Transaction 
【日志内容】：Savepoints are disabled because Multiple Active Result Sets (MARS) is enabled. If 'SaveChanges' fails, then the transaction cannot be automatically rolled back to a known clean state. Instead, the transaction should be rolled back by the application before retrying 'SaveChanges'. See https://go.microsoft.com/fwlink/?linkid=2149338 for more information. To identify the code which triggers this warning, call 'ConfigureWarnings(w => w.Throw(SqlServerEventId.SavepointsDisabledBecauseOfMARS))'. 
  
 
【日志时间】：2023-06-04 16:42:40,460 【线程ID】：.NET ThreadPool Worker 
【日志级别】：WARN  
【日志对象】：Microsoft.EntityFrameworkCore.Database.Transaction 
【日志内容】：Savepoints are disabled because Multiple Active Result Sets (MARS) is enabled. If 'SaveChanges' fails, then the transaction cannot be automatically rolled back to a known clean state. Instead, the transaction should be rolled back by the application before retrying 'SaveChanges'. See https://go.microsoft.com/fwlink/?linkid=2149338 for more information. To identify the code which triggers this warning, call 'ConfigureWarnings(w => w.Throw(SqlServerEventId.SavepointsDisabledBecauseOfMARS))'. 
  
 
【日志时间】：2023-06-04 16:42:57,479 【线程ID】：.NET ThreadPool Worker 
【日志级别】：WARN  
【日志对象】：Microsoft.EntityFrameworkCore.Database.Transaction 
【日志内容】：Savepoints are disabled because Multiple Active Result Sets (MARS) is enabled. If 'SaveChanges' fails, then the transaction cannot be automatically rolled back to a known clean state. Instead, the transaction should be rolled back by the application before retrying 'SaveChanges'. See https://go.microsoft.com/fwlink/?linkid=2149338 for more information. To identify the code which triggers this warning, call 'ConfigureWarnings(w => w.Throw(SqlServerEventId.SavepointsDisabledBecauseOfMARS))'. 
  
 
【日志时间】：2023-06-04 16:43:05,535 【线程ID】：.NET ThreadPool Worker 
【日志级别】：WARN  
【日志对象】：Microsoft.EntityFrameworkCore.Database.Transaction 
【日志内容】：Savepoints are disabled because Multiple Active Result Sets (MARS) is enabled. If 'SaveChanges' fails, then the transaction cannot be automatically rolled back to a known clean state. Instead, the transaction should be rolled back by the application before retrying 'SaveChanges'. See https://go.microsoft.com/fwlink/?linkid=2149338 for more information. To identify the code which triggers this warning, call 'ConfigureWarnings(w => w.Throw(SqlServerEventId.SavepointsDisabledBecauseOfMARS))'. 
  
 
【日志时间】：2023-06-04 17:03:28,426 【线程ID】：.NET ThreadPool Worker 
【日志级别】：WARN  
【日志对象】：Microsoft.EntityFrameworkCore.Database.Transaction 
【日志内容】：Savepoints are disabled because Multiple Active Result Sets (MARS) is enabled. If 'SaveChanges' fails, then the transaction cannot be automatically rolled back to a known clean state. Instead, the transaction should be rolled back by the application before retrying 'SaveChanges'. See https://go.microsoft.com/fwlink/?linkid=2149338 for more information. To identify the code which triggers this warning, call 'ConfigureWarnings(w => w.Throw(SqlServerEventId.SavepointsDisabledBecauseOfMARS))'. 
  
 
【日志时间】：2023-06-04 17:05:39,315 【线程ID】：.NET ThreadPool Worker 
【日志级别】：WARN  
【日志对象】：Microsoft.EntityFrameworkCore.Database.Transaction 
【日志内容】：Savepoints are disabled because Multiple Active Result Sets (MARS) is enabled. If 'SaveChanges' fails, then the transaction cannot be automatically rolled back to a known clean state. Instead, the transaction should be rolled back by the application before retrying 'SaveChanges'. See https://go.microsoft.com/fwlink/?linkid=2149338 for more information. To identify the code which triggers this warning, call 'ConfigureWarnings(w => w.Throw(SqlServerEventId.SavepointsDisabledBecauseOfMARS))'. 
  
 
【日志时间】：2023-06-04 17:08:13,636 【线程ID】：.NET ThreadPool Worker 
【日志级别】：WARN  
【日志对象】：Microsoft.EntityFrameworkCore.Database.Transaction 
【日志内容】：Savepoints are disabled because Multiple Active Result Sets (MARS) is enabled. If 'SaveChanges' fails, then the transaction cannot be automatically rolled back to a known clean state. Instead, the transaction should be rolled back by the application before retrying 'SaveChanges'. See https://go.microsoft.com/fwlink/?linkid=2149338 for more information. To identify the code which triggers this warning, call 'ConfigureWarnings(w => w.Throw(SqlServerEventId.SavepointsDisabledBecauseOfMARS))'. 
  
 
【日志时间】：2023-06-04 17:08:59,830 【线程ID】：.NET ThreadPool Worker 
【日志级别】：WARN  
【日志对象】：Microsoft.EntityFrameworkCore.Database.Transaction 
【日志内容】：Savepoints are disabled because Multiple Active Result Sets (MARS) is enabled. If 'SaveChanges' fails, then the transaction cannot be automatically rolled back to a known clean state. Instead, the transaction should be rolled back by the application before retrying 'SaveChanges'. See https://go.microsoft.com/fwlink/?linkid=2149338 for more information. To identify the code which triggers this warning, call 'ConfigureWarnings(w => w.Throw(SqlServerEventId.SavepointsDisabledBecauseOfMARS))'. 
  
 
【日志时间】：2023-06-04 17:09:10,687 【线程ID】：.NET ThreadPool Worker 
【日志级别】：WARN  
【日志对象】：Microsoft.EntityFrameworkCore.Database.Transaction 
【日志内容】：Savepoints are disabled because Multiple Active Result Sets (MARS) is enabled. If 'SaveChanges' fails, then the transaction cannot be automatically rolled back to a known clean state. Instead, the transaction should be rolled back by the application before retrying 'SaveChanges'. See https://go.microsoft.com/fwlink/?linkid=2149338 for more information. To identify the code which triggers this warning, call 'ConfigureWarnings(w => w.Throw(SqlServerEventId.SavepointsDisabledBecauseOfMARS))'. 
  
 
【日志时间】：2023-06-04 17:09:17,685 【线程ID】：.NET ThreadPool Worker 
【日志级别】：WARN  
【日志对象】：Microsoft.EntityFrameworkCore.Database.Transaction 
【日志内容】：Savepoints are disabled because Multiple Active Result Sets (MARS) is enabled. If 'SaveChanges' fails, then the transaction cannot be automatically rolled back to a known clean state. Instead, the transaction should be rolled back by the application before retrying 'SaveChanges'. See https://go.microsoft.com/fwlink/?linkid=2149338 for more information. To identify the code which triggers this warning, call 'ConfigureWarnings(w => w.Throw(SqlServerEventId.SavepointsDisabledBecauseOfMARS))'. 
  
 
【日志时间】：2023-06-04 17:10:35,340 【线程ID】：.NET ThreadPool Worker 
【日志级别】：WARN  
【日志对象】：Microsoft.EntityFrameworkCore.Database.Transaction 
【日志内容】：Savepoints are disabled because Multiple Active Result Sets (MARS) is enabled. If 'SaveChanges' fails, then the transaction cannot be automatically rolled back to a known clean state. Instead, the transaction should be rolled back by the application before retrying 'SaveChanges'. See https://go.microsoft.com/fwlink/?linkid=2149338 for more information. To identify the code which triggers this warning, call 'ConfigureWarnings(w => w.Throw(SqlServerEventId.SavepointsDisabledBecauseOfMARS))'. 
  
 
【日志时间】：2023-06-04 17:11:24,702 【线程ID】：.NET ThreadPool Worker 
【日志级别】：WARN  
【日志对象】：Microsoft.EntityFrameworkCore.Database.Transaction 
【日志内容】：Savepoints are disabled because Multiple Active Result Sets (MARS) is enabled. If 'SaveChanges' fails, then the transaction cannot be automatically rolled back to a known clean state. Instead, the transaction should be rolled back by the application before retrying 'SaveChanges'. See https://go.microsoft.com/fwlink/?linkid=2149338 for more information. To identify the code which triggers this warning, call 'ConfigureWarnings(w => w.Throw(SqlServerEventId.SavepointsDisabledBecauseOfMARS))'. 
  
 
【日志时间】：2023-06-04 17:11:27,390 【线程ID】：.NET ThreadPool Worker 
【日志级别】：WARN  
【日志对象】：Microsoft.EntityFrameworkCore.Database.Transaction 
【日志内容】：Savepoints are disabled because Multiple Active Result Sets (MARS) is enabled. If 'SaveChanges' fails, then the transaction cannot be automatically rolled back to a known clean state. Instead, the transaction should be rolled back by the application before retrying 'SaveChanges'. See https://go.microsoft.com/fwlink/?linkid=2149338 for more information. To identify the code which triggers this warning, call 'ConfigureWarnings(w => w.Throw(SqlServerEventId.SavepointsDisabledBecauseOfMARS))'. 
  
 
【日志时间】：2023-06-04 17:11:43,763 【线程ID】：.NET ThreadPool Worker 
【日志级别】：WARN  
【日志对象】：Microsoft.EntityFrameworkCore.Database.Transaction 
【日志内容】：Savepoints are disabled because Multiple Active Result Sets (MARS) is enabled. If 'SaveChanges' fails, then the transaction cannot be automatically rolled back to a known clean state. Instead, the transaction should be rolled back by the application before retrying 'SaveChanges'. See https://go.microsoft.com/fwlink/?linkid=2149338 for more information. To identify the code which triggers this warning, call 'ConfigureWarnings(w => w.Throw(SqlServerEventId.SavepointsDisabledBecauseOfMARS))'. 
  
 
【日志时间】：2023-06-04 17:12:01,042 【线程ID】：.NET ThreadPool Worker 
【日志级别】：WARN  
【日志对象】：Microsoft.EntityFrameworkCore.Database.Transaction 
【日志内容】：Savepoints are disabled because Multiple Active Result Sets (MARS) is enabled. If 'SaveChanges' fails, then the transaction cannot be automatically rolled back to a known clean state. Instead, the transaction should be rolled back by the application before retrying 'SaveChanges'. See https://go.microsoft.com/fwlink/?linkid=2149338 for more information. To identify the code which triggers this warning, call 'ConfigureWarnings(w => w.Throw(SqlServerEventId.SavepointsDisabledBecauseOfMARS))'. 
  
 
【日志时间】：2023-06-04 17:12:07,387 【线程ID】：.NET ThreadPool Worker 
【日志级别】：WARN  
【日志对象】：Microsoft.EntityFrameworkCore.Database.Transaction 
【日志内容】：Savepoints are disabled because Multiple Active Result Sets (MARS) is enabled. If 'SaveChanges' fails, then the transaction cannot be automatically rolled back to a known clean state. Instead, the transaction should be rolled back by the application before retrying 'SaveChanges'. See https://go.microsoft.com/fwlink/?linkid=2149338 for more information. To identify the code which triggers this warning, call 'ConfigureWarnings(w => w.Throw(SqlServerEventId.SavepointsDisabledBecauseOfMARS))'. 
  
 
【日志时间】：2023-06-04 17:12:10,112 【线程ID】：.NET ThreadPool Worker 
【日志级别】：WARN  
【日志对象】：Microsoft.EntityFrameworkCore.Database.Transaction 
【日志内容】：Savepoints are disabled because Multiple Active Result Sets (MARS) is enabled. If 'SaveChanges' fails, then the transaction cannot be automatically rolled back to a known clean state. Instead, the transaction should be rolled back by the application before retrying 'SaveChanges'. See https://go.microsoft.com/fwlink/?linkid=2149338 for more information. To identify the code which triggers this warning, call 'ConfigureWarnings(w => w.Throw(SqlServerEventId.SavepointsDisabledBecauseOfMARS))'. 
  
 
【日志时间】：2023-06-04 17:12:13,410 【线程ID】：.NET ThreadPool Worker 
【日志级别】：WARN  
【日志对象】：Microsoft.EntityFrameworkCore.Database.Transaction 
【日志内容】：Savepoints are disabled because Multiple Active Result Sets (MARS) is enabled. If 'SaveChanges' fails, then the transaction cannot be automatically rolled back to a known clean state. Instead, the transaction should be rolled back by the application before retrying 'SaveChanges'. See https://go.microsoft.com/fwlink/?linkid=2149338 for more information. To identify the code which triggers this warning, call 'ConfigureWarnings(w => w.Throw(SqlServerEventId.SavepointsDisabledBecauseOfMARS))'. 
  
 
【日志时间】：2023-06-04 17:12:20,421 【线程ID】：.NET ThreadPool Worker 
【日志级别】：WARN  
【日志对象】：Microsoft.EntityFrameworkCore.Database.Transaction 
【日志内容】：Savepoints are disabled because Multiple Active Result Sets (MARS) is enabled. If 'SaveChanges' fails, then the transaction cannot be automatically rolled back to a known clean state. Instead, the transaction should be rolled back by the application before retrying 'SaveChanges'. See https://go.microsoft.com/fwlink/?linkid=2149338 for more information. To identify the code which triggers this warning, call 'ConfigureWarnings(w => w.Throw(SqlServerEventId.SavepointsDisabledBecauseOfMARS))'. 
  
 
【日志时间】：2023-06-04 17:12:22,941 【线程ID】：.NET ThreadPool Worker 
【日志级别】：WARN  
【日志对象】：Microsoft.EntityFrameworkCore.Database.Transaction 
【日志内容】：Savepoints are disabled because Multiple Active Result Sets (MARS) is enabled. If 'SaveChanges' fails, then the transaction cannot be automatically rolled back to a known clean state. Instead, the transaction should be rolled back by the application before retrying 'SaveChanges'. See https://go.microsoft.com/fwlink/?linkid=2149338 for more information. To identify the code which triggers this warning, call 'ConfigureWarnings(w => w.Throw(SqlServerEventId.SavepointsDisabledBecauseOfMARS))'. 
  
 
【日志时间】：2023-06-04 17:12:25,761 【线程ID】：.NET ThreadPool Worker 
【日志级别】：WARN  
【日志对象】：Microsoft.EntityFrameworkCore.Database.Transaction 
【日志内容】：Savepoints are disabled because Multiple Active Result Sets (MARS) is enabled. If 'SaveChanges' fails, then the transaction cannot be automatically rolled back to a known clean state. Instead, the transaction should be rolled back by the application before retrying 'SaveChanges'. See https://go.microsoft.com/fwlink/?linkid=2149338 for more information. To identify the code which triggers this warning, call 'ConfigureWarnings(w => w.Throw(SqlServerEventId.SavepointsDisabledBecauseOfMARS))'. 
  
 
【日志时间】：2023-06-04 17:12:40,821 【线程ID】：.NET ThreadPool Worker 
【日志级别】：WARN  
【日志对象】：Microsoft.EntityFrameworkCore.Database.Transaction 
【日志内容】：Savepoints are disabled because Multiple Active Result Sets (MARS) is enabled. If 'SaveChanges' fails, then the transaction cannot be automatically rolled back to a known clean state. Instead, the transaction should be rolled back by the application before retrying 'SaveChanges'. See https://go.microsoft.com/fwlink/?linkid=2149338 for more information. To identify the code which triggers this warning, call 'ConfigureWarnings(w => w.Throw(SqlServerEventId.SavepointsDisabledBecauseOfMARS))'. 
  
 
【日志时间】：2023-06-04 17:12:44,154 【线程ID】：.NET ThreadPool Worker 
【日志级别】：WARN  
【日志对象】：Microsoft.EntityFrameworkCore.Database.Transaction 
【日志内容】：Savepoints are disabled because Multiple Active Result Sets (MARS) is enabled. If 'SaveChanges' fails, then the transaction cannot be automatically rolled back to a known clean state. Instead, the transaction should be rolled back by the application before retrying 'SaveChanges'. See https://go.microsoft.com/fwlink/?linkid=2149338 for more information. To identify the code which triggers this warning, call 'ConfigureWarnings(w => w.Throw(SqlServerEventId.SavepointsDisabledBecauseOfMARS))'. 
  
 
【日志时间】：2023-06-04 17:12:54,962 【线程ID】：.NET ThreadPool Worker 
【日志级别】：WARN  
【日志对象】：Microsoft.EntityFrameworkCore.Database.Transaction 
【日志内容】：Savepoints are disabled because Multiple Active Result Sets (MARS) is enabled. If 'SaveChanges' fails, then the transaction cannot be automatically rolled back to a known clean state. Instead, the transaction should be rolled back by the application before retrying 'SaveChanges'. See https://go.microsoft.com/fwlink/?linkid=2149338 for more information. To identify the code which triggers this warning, call 'ConfigureWarnings(w => w.Throw(SqlServerEventId.SavepointsDisabledBecauseOfMARS))'. 
  
 
【日志时间】：2023-06-04 17:12:58,077 【线程ID】：.NET ThreadPool Worker 
【日志级别】：WARN  
【日志对象】：Microsoft.EntityFrameworkCore.Database.Transaction 
【日志内容】：Savepoints are disabled because Multiple Active Result Sets (MARS) is enabled. If 'SaveChanges' fails, then the transaction cannot be automatically rolled back to a known clean state. Instead, the transaction should be rolled back by the application before retrying 'SaveChanges'. See https://go.microsoft.com/fwlink/?linkid=2149338 for more information. To identify the code which triggers this warning, call 'ConfigureWarnings(w => w.Throw(SqlServerEventId.SavepointsDisabledBecauseOfMARS))'. 
  
 
【日志时间】：2023-06-04 17:13:07,169 【线程ID】：.NET ThreadPool Worker 
【日志级别】：WARN  
【日志对象】：Microsoft.EntityFrameworkCore.Database.Transaction 
【日志内容】：Savepoints are disabled because Multiple Active Result Sets (MARS) is enabled. If 'SaveChanges' fails, then the transaction cannot be automatically rolled back to a known clean state. Instead, the transaction should be rolled back by the application before retrying 'SaveChanges'. See https://go.microsoft.com/fwlink/?linkid=2149338 for more information. To identify the code which triggers this warning, call 'ConfigureWarnings(w => w.Throw(SqlServerEventId.SavepointsDisabledBecauseOfMARS))'. 
  
 
【日志时间】：2023-06-04 18:15:18,320 【线程ID】：.NET ThreadPool Worker 
【日志级别】：WARN  
【日志对象】：Microsoft.EntityFrameworkCore.Database.Transaction 
【日志内容】：Savepoints are disabled because Multiple Active Result Sets (MARS) is enabled. If 'SaveChanges' fails, then the transaction cannot be automatically rolled back to a known clean state. Instead, the transaction should be rolled back by the application before retrying 'SaveChanges'. See https://go.microsoft.com/fwlink/?linkid=2149338 for more information. To identify the code which triggers this warning, call 'ConfigureWarnings(w => w.Throw(SqlServerEventId.SavepointsDisabledBecauseOfMARS))'. 
  
 
【日志时间】：2023-06-04 18:15:22,191 【线程ID】：.NET ThreadPool Worker 
【日志级别】：WARN  
【日志对象】：Microsoft.EntityFrameworkCore.Database.Transaction 
【日志内容】：Savepoints are disabled because Multiple Active Result Sets (MARS) is enabled. If 'SaveChanges' fails, then the transaction cannot be automatically rolled back to a known clean state. Instead, the transaction should be rolled back by the application before retrying 'SaveChanges'. See https://go.microsoft.com/fwlink/?linkid=2149338 for more information. To identify the code which triggers this warning, call 'ConfigureWarnings(w => w.Throw(SqlServerEventId.SavepointsDisabledBecauseOfMARS))'. 
  
 
【日志时间】：2023-06-04 18:16:33,510 【线程ID】：.NET ThreadPool Worker 
【日志级别】：WARN  
【日志对象】：Microsoft.EntityFrameworkCore.Database.Transaction 
【日志内容】：Savepoints are disabled because Multiple Active Result Sets (MARS) is enabled. If 'SaveChanges' fails, then the transaction cannot be automatically rolled back to a known clean state. Instead, the transaction should be rolled back by the application before retrying 'SaveChanges'. See https://go.microsoft.com/fwlink/?linkid=2149338 for more information. To identify the code which triggers this warning, call 'ConfigureWarnings(w => w.Throw(SqlServerEventId.SavepointsDisabledBecauseOfMARS))'. 
  
 
【日志时间】：2023-06-04 18:17:48,989 【线程ID】：.NET ThreadPool Worker 
【日志级别】：WARN  
【日志对象】：Microsoft.EntityFrameworkCore.Database.Transaction 
【日志内容】：Savepoints are disabled because Multiple Active Result Sets (MARS) is enabled. If 'SaveChanges' fails, then the transaction cannot be automatically rolled back to a known clean state. Instead, the transaction should be rolled back by the application before retrying 'SaveChanges'. See https://go.microsoft.com/fwlink/?linkid=2149338 for more information. To identify the code which triggers this warning, call 'ConfigureWarnings(w => w.Throw(SqlServerEventId.SavepointsDisabledBecauseOfMARS))'. 
  
 
【日志时间】：2023-06-04 18:19:19,942 【线程ID】：.NET ThreadPool Worker 
【日志级别】：WARN  
【日志对象】：Microsoft.EntityFrameworkCore.Database.Transaction 
【日志内容】：Savepoints are disabled because Multiple Active Result Sets (MARS) is enabled. If 'SaveChanges' fails, then the transaction cannot be automatically rolled back to a known clean state. Instead, the transaction should be rolled back by the application before retrying 'SaveChanges'. See https://go.microsoft.com/fwlink/?linkid=2149338 for more information. To identify the code which triggers this warning, call 'ConfigureWarnings(w => w.Throw(SqlServerEventId.SavepointsDisabledBecauseOfMARS))'. 
  
 
【日志时间】：2023-06-04 18:19:56,056 【线程ID】：.NET ThreadPool Worker 
【日志级别】：WARN  
【日志对象】：Microsoft.EntityFrameworkCore.Database.Transaction 
【日志内容】：Savepoints are disabled because Multiple Active Result Sets (MARS) is enabled. If 'SaveChanges' fails, then the transaction cannot be automatically rolled back to a known clean state. Instead, the transaction should be rolled back by the application before retrying 'SaveChanges'. See https://go.microsoft.com/fwlink/?linkid=2149338 for more information. To identify the code which triggers this warning, call 'ConfigureWarnings(w => w.Throw(SqlServerEventId.SavepointsDisabledBecauseOfMARS))'. 
  
 
【日志时间】：2023-06-04 18:21:58,560 【线程ID】：.NET ThreadPool Worker 
【日志级别】：WARN  
【日志对象】：Microsoft.EntityFrameworkCore.Database.Transaction 
【日志内容】：Savepoints are disabled because Multiple Active Result Sets (MARS) is enabled. If 'SaveChanges' fails, then the transaction cannot be automatically rolled back to a known clean state. Instead, the transaction should be rolled back by the application before retrying 'SaveChanges'. See https://go.microsoft.com/fwlink/?linkid=2149338 for more information. To identify the code which triggers this warning, call 'ConfigureWarnings(w => w.Throw(SqlServerEventId.SavepointsDisabledBecauseOfMARS))'. 
  
 
【日志时间】：2023-06-04 18:22:28,436 【线程ID】：.NET ThreadPool Worker 
【日志级别】：WARN  
【日志对象】：Microsoft.EntityFrameworkCore.Database.Transaction 
【日志内容】：Savepoints are disabled because Multiple Active Result Sets (MARS) is enabled. If 'SaveChanges' fails, then the transaction cannot be automatically rolled back to a known clean state. Instead, the transaction should be rolled back by the application before retrying 'SaveChanges'. See https://go.microsoft.com/fwlink/?linkid=2149338 for more information. To identify the code which triggers this warning, call 'ConfigureWarnings(w => w.Throw(SqlServerEventId.SavepointsDisabledBecauseOfMARS))'. 
  
 
【日志时间】：2023-06-04 18:23:54,865 【线程ID】：.NET ThreadPool Worker 
【日志级别】：WARN  
【日志对象】：Microsoft.EntityFrameworkCore.Database.Transaction 
【日志内容】：Savepoints are disabled because Multiple Active Result Sets (MARS) is enabled. If 'SaveChanges' fails, then the transaction cannot be automatically rolled back to a known clean state. Instead, the transaction should be rolled back by the application before retrying 'SaveChanges'. See https://go.microsoft.com/fwlink/?linkid=2149338 for more information. To identify the code which triggers this warning, call 'ConfigureWarnings(w => w.Throw(SqlServerEventId.SavepointsDisabledBecauseOfMARS))'. 
  
 
【日志时间】：2023-06-04 18:24:56,574 【线程ID】：.NET ThreadPool Worker 
【日志级别】：WARN  
【日志对象】：Microsoft.EntityFrameworkCore.Database.Transaction 
【日志内容】：Savepoints are disabled because Multiple Active Result Sets (MARS) is enabled. If 'SaveChanges' fails, then the transaction cannot be automatically rolled back to a known clean state. Instead, the transaction should be rolled back by the application before retrying 'SaveChanges'. See https://go.microsoft.com/fwlink/?linkid=2149338 for more information. To identify the code which triggers this warning, call 'ConfigureWarnings(w => w.Throw(SqlServerEventId.SavepointsDisabledBecauseOfMARS))'. 
  
 
【日志时间】：2023-06-04 18:25:09,282 【线程ID】：.NET ThreadPool Worker 
【日志级别】：WARN  
【日志对象】：Microsoft.EntityFrameworkCore.Database.Transaction 
【日志内容】：Savepoints are disabled because Multiple Active Result Sets (MARS) is enabled. If 'SaveChanges' fails, then the transaction cannot be automatically rolled back to a known clean state. Instead, the transaction should be rolled back by the application before retrying 'SaveChanges'. See https://go.microsoft.com/fwlink/?linkid=2149338 for more information. To identify the code which triggers this warning, call 'ConfigureWarnings(w => w.Throw(SqlServerEventId.SavepointsDisabledBecauseOfMARS))'. 
  
 
【日志时间】：2023-06-04 18:25:28,757 【线程ID】：.NET ThreadPool Worker 
【日志级别】：WARN  
【日志对象】：Microsoft.EntityFrameworkCore.Database.Transaction 
【日志内容】：Savepoints are disabled because Multiple Active Result Sets (MARS) is enabled. If 'SaveChanges' fails, then the transaction cannot be automatically rolled back to a known clean state. Instead, the transaction should be rolled back by the application before retrying 'SaveChanges'. See https://go.microsoft.com/fwlink/?linkid=2149338 for more information. To identify the code which triggers this warning, call 'ConfigureWarnings(w => w.Throw(SqlServerEventId.SavepointsDisabledBecauseOfMARS))'. 
  
 
【日志时间】：2023-06-04 18:25:36,622 【线程ID】：.NET ThreadPool Worker 
【日志级别】：WARN  
【日志对象】：Microsoft.EntityFrameworkCore.Database.Transaction 
【日志内容】：Savepoints are disabled because Multiple Active Result Sets (MARS) is enabled. If 'SaveChanges' fails, then the transaction cannot be automatically rolled back to a known clean state. Instead, the transaction should be rolled back by the application before retrying 'SaveChanges'. See https://go.microsoft.com/fwlink/?linkid=2149338 for more information. To identify the code which triggers this warning, call 'ConfigureWarnings(w => w.Throw(SqlServerEventId.SavepointsDisabledBecauseOfMARS))'. 
  
 
【日志时间】：2023-06-04 18:26:18,874 【线程ID】：.NET ThreadPool Worker 
【日志级别】：WARN  
【日志对象】：Microsoft.EntityFrameworkCore.Database.Transaction 
【日志内容】：Savepoints are disabled because Multiple Active Result Sets (MARS) is enabled. If 'SaveChanges' fails, then the transaction cannot be automatically rolled back to a known clean state. Instead, the transaction should be rolled back by the application before retrying 'SaveChanges'. See https://go.microsoft.com/fwlink/?linkid=2149338 for more information. To identify the code which triggers this warning, call 'ConfigureWarnings(w => w.Throw(SqlServerEventId.SavepointsDisabledBecauseOfMARS))'. 
  
 
【日志时间】：2023-06-04 18:27:30,314 【线程ID】：.NET ThreadPool Worker 
【日志级别】：WARN  
【日志对象】：Microsoft.EntityFrameworkCore.Database.Transaction 
【日志内容】：Savepoints are disabled because Multiple Active Result Sets (MARS) is enabled. If 'SaveChanges' fails, then the transaction cannot be automatically rolled back to a known clean state. Instead, the transaction should be rolled back by the application before retrying 'SaveChanges'. See https://go.microsoft.com/fwlink/?linkid=2149338 for more information. To identify the code which triggers this warning, call 'ConfigureWarnings(w => w.Throw(SqlServerEventId.SavepointsDisabledBecauseOfMARS))'. 
  
 
【日志时间】：2023-06-04 18:28:32,422 【线程ID】：.NET ThreadPool Worker 
【日志级别】：WARN  
【日志对象】：Microsoft.EntityFrameworkCore.Database.Transaction 
【日志内容】：Savepoints are disabled because Multiple Active Result Sets (MARS) is enabled. If 'SaveChanges' fails, then the transaction cannot be automatically rolled back to a known clean state. Instead, the transaction should be rolled back by the application before retrying 'SaveChanges'. See https://go.microsoft.com/fwlink/?linkid=2149338 for more information. To identify the code which triggers this warning, call 'ConfigureWarnings(w => w.Throw(SqlServerEventId.SavepointsDisabledBecauseOfMARS))'. 
  
 
【日志时间】：2023-06-04 18:28:57,184 【线程ID】：.NET ThreadPool Worker 
【日志级别】：WARN  
【日志对象】：Microsoft.EntityFrameworkCore.Database.Transaction 
【日志内容】：Savepoints are disabled because Multiple Active Result Sets (MARS) is enabled. If 'SaveChanges' fails, then the transaction cannot be automatically rolled back to a known clean state. Instead, the transaction should be rolled back by the application before retrying 'SaveChanges'. See https://go.microsoft.com/fwlink/?linkid=2149338 for more information. To identify the code which triggers this warning, call 'ConfigureWarnings(w => w.Throw(SqlServerEventId.SavepointsDisabledBecauseOfMARS))'. 
  
 
【日志时间】：2023-06-04 18:30:01,058 【线程ID】：.NET ThreadPool Worker 
【日志级别】：WARN  
【日志对象】：Microsoft.EntityFrameworkCore.Database.Transaction 
【日志内容】：Savepoints are disabled because Multiple Active Result Sets (MARS) is enabled. If 'SaveChanges' fails, then the transaction cannot be automatically rolled back to a known clean state. Instead, the transaction should be rolled back by the application before retrying 'SaveChanges'. See https://go.microsoft.com/fwlink/?linkid=2149338 for more information. To identify the code which triggers this warning, call 'ConfigureWarnings(w => w.Throw(SqlServerEventId.SavepointsDisabledBecauseOfMARS))'. 
  
 
【日志时间】：2023-06-04 18:30:09,361 【线程ID】：.NET ThreadPool Worker 
【日志级别】：WARN  
【日志对象】：Microsoft.EntityFrameworkCore.Database.Transaction 
【日志内容】：Savepoints are disabled because Multiple Active Result Sets (MARS) is enabled. If 'SaveChanges' fails, then the transaction cannot be automatically rolled back to a known clean state. Instead, the transaction should be rolled back by the application before retrying 'SaveChanges'. See https://go.microsoft.com/fwlink/?linkid=2149338 for more information. To identify the code which triggers this warning, call 'ConfigureWarnings(w => w.Throw(SqlServerEventId.SavepointsDisabledBecauseOfMARS))'. 
  
 
【日志时间】：2023-06-04 18:30:30,426 【线程ID】：.NET ThreadPool Worker 
【日志级别】：WARN  
【日志对象】：Microsoft.EntityFrameworkCore.Database.Transaction 
【日志内容】：Savepoints are disabled because Multiple Active Result Sets (MARS) is enabled. If 'SaveChanges' fails, then the transaction cannot be automatically rolled back to a known clean state. Instead, the transaction should be rolled back by the application before retrying 'SaveChanges'. See https://go.microsoft.com/fwlink/?linkid=2149338 for more information. To identify the code which triggers this warning, call 'ConfigureWarnings(w => w.Throw(SqlServerEventId.SavepointsDisabledBecauseOfMARS))'. 
  
 
【日志时间】：2023-06-04 18:30:44,113 【线程ID】：.NET ThreadPool Worker 
【日志级别】：WARN  
【日志对象】：Microsoft.EntityFrameworkCore.Database.Transaction 
【日志内容】：Savepoints are disabled because Multiple Active Result Sets (MARS) is enabled. If 'SaveChanges' fails, then the transaction cannot be automatically rolled back to a known clean state. Instead, the transaction should be rolled back by the application before retrying 'SaveChanges'. See https://go.microsoft.com/fwlink/?linkid=2149338 for more information. To identify the code which triggers this warning, call 'ConfigureWarnings(w => w.Throw(SqlServerEventId.SavepointsDisabledBecauseOfMARS))'. 
  
 
【日志时间】：2023-06-04 18:31:36,365 【线程ID】：.NET ThreadPool Worker 
【日志级别】：WARN  
【日志对象】：Microsoft.EntityFrameworkCore.Database.Transaction 
【日志内容】：Savepoints are disabled because Multiple Active Result Sets (MARS) is enabled. If 'SaveChanges' fails, then the transaction cannot be automatically rolled back to a known clean state. Instead, the transaction should be rolled back by the application before retrying 'SaveChanges'. See https://go.microsoft.com/fwlink/?linkid=2149338 for more information. To identify the code which triggers this warning, call 'ConfigureWarnings(w => w.Throw(SqlServerEventId.SavepointsDisabledBecauseOfMARS))'. 
  
 
【日志时间】：2023-06-04 18:34:09,850 【线程ID】：.NET ThreadPool Worker 
【日志级别】：WARN  
【日志对象】：Microsoft.EntityFrameworkCore.Database.Transaction 
【日志内容】：Savepoints are disabled because Multiple Active Result Sets (MARS) is enabled. If 'SaveChanges' fails, then the transaction cannot be automatically rolled back to a known clean state. Instead, the transaction should be rolled back by the application before retrying 'SaveChanges'. See https://go.microsoft.com/fwlink/?linkid=2149338 for more information. To identify the code which triggers this warning, call 'ConfigureWarnings(w => w.Throw(SqlServerEventId.SavepointsDisabledBecauseOfMARS))'. 
  
 
【日志时间】：2023-06-04 18:34:49,330 【线程ID】：.NET ThreadPool Worker 
【日志级别】：WARN  
【日志对象】：Microsoft.EntityFrameworkCore.Database.Transaction 
【日志内容】：Savepoints are disabled because Multiple Active Result Sets (MARS) is enabled. If 'SaveChanges' fails, then the transaction cannot be automatically rolled back to a known clean state. Instead, the transaction should be rolled back by the application before retrying 'SaveChanges'. See https://go.microsoft.com/fwlink/?linkid=2149338 for more information. To identify the code which triggers this warning, call 'ConfigureWarnings(w => w.Throw(SqlServerEventId.SavepointsDisabledBecauseOfMARS))'. 
  
 
【日志时间】：2023-06-04 23:16:19,665 【线程ID】：.NET ThreadPool Worker 
【日志级别】：WARN  
【日志对象】：Microsoft.EntityFrameworkCore.Database.Transaction 
【日志内容】：Savepoints are disabled because Multiple Active Result Sets (MARS) is enabled. If 'SaveChanges' fails, then the transaction cannot be automatically rolled back to a known clean state. Instead, the transaction should be rolled back by the application before retrying 'SaveChanges'. See https://go.microsoft.com/fwlink/?linkid=2149338 for more information. To identify the code which triggers this warning, call 'ConfigureWarnings(w => w.Throw(SqlServerEventId.SavepointsDisabledBecauseOfMARS))'. 
  
 
【日志时间】：2023-06-04 23:16:19,721 【线程ID】：.NET ThreadPool Worker 
【日志级别】：WARN  
【日志对象】：Microsoft.EntityFrameworkCore.Database.Transaction 
【日志内容】：Savepoints are disabled because Multiple Active Result Sets (MARS) is enabled. If 'SaveChanges' fails, then the transaction cannot be automatically rolled back to a known clean state. Instead, the transaction should be rolled back by the application before retrying 'SaveChanges'. See https://go.microsoft.com/fwlink/?linkid=2149338 for more information. To identify the code which triggers this warning, call 'ConfigureWarnings(w => w.Throw(SqlServerEventId.SavepointsDisabledBecauseOfMARS))'. 
  
 
【日志时间】：2023-06-04 23:16:34,108 【线程ID】：.NET ThreadPool Worker 
【日志级别】：WARN  
【日志对象】：Microsoft.EntityFrameworkCore.Database.Transaction 
【日志内容】：Savepoints are disabled because Multiple Active Result Sets (MARS) is enabled. If 'SaveChanges' fails, then the transaction cannot be automatically rolled back to a known clean state. Instead, the transaction should be rolled back by the application before retrying 'SaveChanges'. See https://go.microsoft.com/fwlink/?linkid=2149338 for more information. To identify the code which triggers this warning, call 'ConfigureWarnings(w => w.Throw(SqlServerEventId.SavepointsDisabledBecauseOfMARS))'. 
  
 
【日志时间】：2023-06-04 23:26:41,135 【线程ID】：.NET ThreadPool Worker 
【日志级别】：WARN  
【日志对象】：Microsoft.EntityFrameworkCore.Database.Transaction 
【日志内容】：Savepoints are disabled because Multiple Active Result Sets (MARS) is enabled. If 'SaveChanges' fails, then the transaction cannot be automatically rolled back to a known clean state. Instead, the transaction should be rolled back by the application before retrying 'SaveChanges'. See https://go.microsoft.com/fwlink/?linkid=2149338 for more information. To identify the code which triggers this warning, call 'ConfigureWarnings(w => w.Throw(SqlServerEventId.SavepointsDisabledBecauseOfMARS))'. 
  
 
【日志时间】：2023-06-04 23:26:59,279 【线程ID】：.NET ThreadPool Worker 
【日志级别】：WARN  
【日志对象】：Microsoft.EntityFrameworkCore.Database.Transaction 
【日志内容】：Savepoints are disabled because Multiple Active Result Sets (MARS) is enabled. If 'SaveChanges' fails, then the transaction cannot be automatically rolled back to a known clean state. Instead, the transaction should be rolled back by the application before retrying 'SaveChanges'. See https://go.microsoft.com/fwlink/?linkid=2149338 for more information. To identify the code which triggers this warning, call 'ConfigureWarnings(w => w.Throw(SqlServerEventId.SavepointsDisabledBecauseOfMARS))'. 
 